==7402== Memcheck, a memory error detector
==7402== Copyright (C) 2002-2015, and GNU GPL'd, by Julian Seward et al.
==7402== Using Valgrind-3.11.0 and LibVEX; rerun with -h for copyright info
==7402== Command: bin/xacto -p 9999
==7402== Parent PID: 7390
==7402== 
==7402== 
==7402== FILE DESCRIPTORS: 8 open at exit.
==7402== Open AF_INET socket 5: 0.0.0.0:9999 <-> unbound
==7402==    at 0x515F5A7: socket (syscall-template.S:84)
==7402==    by 0x403415: open_listenfd (csapp.c:765)
==7402==    by 0x40353C: Open_listenfd (csapp.c:809)
==7402==    by 0x401FDA: main (main.c:91)
==7402== 
==7402== Open file descriptor 13: /dev/shm/bxf_arena_7388 (deleted)
==7402==    <inherited from parent>
==7402== 
==7402== Open file descriptor 12: /dev/shm/bxf_arena_7388 (deleted)
==7402==    <inherited from parent>
==7402== 
==7402== Open file descriptor 4:
==7402==    <inherited from parent>
==7402== 
==7402== Open file descriptor 3: /home/student/mazim/hw5/valgrind.out
==7402==    <inherited from parent>
==7402== 
==7402== Open file descriptor 2: /dev/pts/0
==7402==    <inherited from parent>
==7402== 
==7402== Open file descriptor 1: /dev/pts/0
==7402==    <inherited from parent>
==7402== 
==7402== Open file descriptor 0:
==7402==    <inherited from parent>
==7402== 
==7402== 
==7402== HEAP SUMMARY:
==7402==     in use at exit: 0 bytes in 0 blocks
==7402==   total heap usage: 5 allocs, 5 frees, 804 bytes allocated
==7402== 
==7402== All heap blocks were freed -- no leaks are possible
==7402== 
==7402== For counts of detected and suppressed errors, rerun with: -v
==7402== ERROR SUMMARY: 0 errors from 0 contexts (suppressed: 0 from 0)
